2026-03-12 01:32:43  INFO      =================================================================
2026-03-12 01:32:43  INFO        Uptime Monitor started
2026-03-12 01:32:43  INFO        Monitoring 4 URL(s) every 10 second(s)
2026-03-12 01:32:43  INFO        Log file  →  uptime_monitor.log
2026-03-12 01:32:43  INFO      =================================================================
2026-03-12 01:32:43  INFO      ─── Cycle #1 started ───
2026-03-12 01:32:43  INFO        Checking URL      →  http://httpstat.us/404  (attempt 1/3)
2026-03-12 01:32:43  ERROR       Connection error  →  http://httpstat.us/404
2026-03-12 01:32:43  WARNING     Retrying in 2s …
2026-03-12 01:32:45  INFO        Checking URL      →  http://httpstat.us/404  (attempt 2/3)
2026-03-12 01:32:45  ERROR       Connection error  →  http://httpstat.us/404
2026-03-12 01:32:45  WARNING     Retrying in 4s …
2026-03-12 01:32:49  INFO        Checking URL      →  http://httpstat.us/404  (attempt 3/3)
2026-03-12 01:32:49  ERROR       Connection error  →  http://httpstat.us/404
2026-03-12 01:32:49  ERROR       🔴 UNREACHABLE  →  http://httpstat.us/404  |  Failed after 3 attempts
2026-03-12 01:32:49  INFO        Checking URL      →  http://httpstat.us/500  (attempt 1/3)
2026-03-12 01:32:50  ERROR       Connection error  →  http://httpstat.us/500
2026-03-12 01:32:50  WARNING     Retrying in 2s …
2026-03-12 01:32:52  INFO        Checking URL      →  http://httpstat.us/500  (attempt 2/3)
2026-03-12 01:32:52  ERROR       Connection error  →  http://httpstat.us/500
2026-03-12 01:32:52  WARNING     Retrying in 4s …
2026-03-12 01:32:56  INFO        Checking URL      →  http://httpstat.us/500  (attempt 3/3)
2026-03-12 01:32:56  ERROR       Connection error  →  http://httpstat.us/500
2026-03-12 01:32:56  ERROR       🔴 UNREACHABLE  →  http://httpstat.us/500  |  Failed after 3 attempts
2026-03-12 01:32:56  INFO        Checking URL      →  https://www.google.com/  (attempt 1/3)
2026-03-12 01:32:56  INFO        Status Code       →  200 OK  |  Response time: 205.1 ms
2026-03-12 01:32:56  INFO        ✅ UP  →  https://www.google.com/
2026-03-12 01:32:56  INFO        Checking URL      →  http://www.example.com/nonexistentpage  (attempt 1/3)
2026-03-12 01:32:56  INFO        Status Code       →  404 Not Found  |  Response time: 30.0 ms
2026-03-12 01:32:56  WARNING     ⚠️  ALERT: 4xx error for http://www.example.com/nonexistentpage
2026-03-12 01:32:56  INFO      ─── Cycle #1 complete. Next check in 10s ───

2026-03-12 01:33:06  INFO      ─── Cycle #2 started ───
2026-03-12 01:33:06  INFO        Checking URL      →  http://httpstat.us/404  (attempt 1/3)
2026-03-12 01:33:06  ERROR       Connection error  →  http://httpstat.us/404
2026-03-12 01:33:06  WARNING     Retrying in 2s …
2026-03-12 01:33:08  INFO        Checking URL      →  http://httpstat.us/404  (attempt 2/3)
2026-03-12 01:33:08  ERROR       Connection error  →  http://httpstat.us/404
2026-03-12 01:33:08  WARNING     Retrying in 4s …
2026-03-12 01:33:12  INFO        Checking URL      →  http://httpstat.us/404  (attempt 3/3)
2026-03-12 01:33:12  ERROR       Connection error  →  http://httpstat.us/404
2026-03-12 01:33:12  ERROR       🔴 UNREACHABLE  →  http://httpstat.us/404  |  Failed after 3 attempts
2026-03-12 01:33:12  INFO        Checking URL      →  http://httpstat.us/500  (attempt 1/3)
2026-03-12 01:33:12  ERROR       Connection error  →  http://httpstat.us/500
2026-03-12 01:33:12  WARNING     Retrying in 2s …
2026-03-12 01:33:14  INFO        Checking URL      →  http://httpstat.us/500  (attempt 2/3)
2026-03-12 01:33:14  ERROR       Connection error  →  http://httpstat.us/500
2026-03-12 01:33:14  WARNING     Retrying in 4s …
2026-03-12 01:33:18  INFO        Checking URL      →  http://httpstat.us/500  (attempt 3/3)
2026-03-12 01:33:18  ERROR       Connection error  →  http://httpstat.us/500
2026-03-12 01:33:18  ERROR       🔴 UNREACHABLE  →  http://httpstat.us/500  |  Failed after 3 attempts
2026-03-12 01:33:18  INFO        Checking URL      →  https://www.google.com/  (attempt 1/3)
2026-03-12 01:33:19  INFO        Status Code       →  200 OK  |  Response time: 256.6 ms
2026-03-12 01:33:19  INFO        ✅ UP  →  https://www.google.com/
2026-03-12 01:33:19  INFO        Checking URL      →  http://www.example.com/nonexistentpage  (attempt 1/3)
2026-03-12 01:33:19  INFO        Status Code       →  404 Not Found  |  Response time: 13.7 ms
2026-03-12 01:33:19  WARNING     ⚠️  ALERT: 4xx error for http://www.example.com/nonexistentpage
2026-03-12 01:33:19  INFO      ─── Cycle #2 complete. Next check in 10s ───

2026-03-12 01:33:29  INFO      ─── Cycle #3 started ───
2026-03-12 01:33:29  WARNING     ⏳ BACKOFF  →  http://httpstat.us/404  |  Waiting 4s due to 2 consecutive errors
2026-03-12 01:33:33  INFO        Checking URL      →  http://httpstat.us/404  (attempt 1/3)
2026-03-12 01:33:33  ERROR       Connection error  →  http://httpstat.us/404
2026-03-12 01:33:33  WARNING     Retrying in 2s …
2026-03-12 01:33:35  INFO        Checking URL      →  http://httpstat.us/404  (attempt 2/3)
2026-03-12 01:33:35  ERROR       Connection error  →  http://httpstat.us/404
2026-03-12 01:33:35  WARNING     Retrying in 4s …
2026-03-12 01:33:39  INFO        Checking URL      →  http://httpstat.us/404  (attempt 3/3)
2026-03-12 01:33:39  ERROR       Connection error  →  http://httpstat.us/404
2026-03-12 01:33:39  ERROR       🔴 UNREACHABLE  →  http://httpstat.us/404  |  Failed after 3 attempts
2026-03-12 01:33:39  WARNING     ⏳ BACKOFF  →  http://httpstat.us/500  |  Waiting 4s due to 2 consecutive errors
2026-03-12 01:33:43  INFO        Checking URL      →  http://httpstat.us/500  (attempt 1/3)
2026-03-12 01:33:43  ERROR       Connection error  →  http://httpstat.us/500
2026-03-12 01:33:43  WARNING     Retrying in 2s …
2026-03-12 01:33:45  INFO        Checking URL      →  http://httpstat.us/500  (attempt 2/3)
2026-03-12 01:33:45  ERROR       Connection error  →  http://httpstat.us/500
2026-03-12 01:33:45  WARNING     Retrying in 4s …
2026-03-12 01:33:49  INFO        Checking URL      →  http://httpstat.us/500  (attempt 3/3)
2026-03-12 01:33:49  ERROR       Connection error  →  http://httpstat.us/500
2026-03-12 01:33:49  ERROR       🔴 UNREACHABLE  →  http://httpstat.us/500  |  Failed after 3 attempts
2026-03-12 01:33:49  INFO        Checking URL      →  https://www.google.com/  (attempt 1/3)
2026-03-12 01:33:49  INFO        Status Code       →  200 OK  |  Response time: 219.3 ms
2026-03-12 01:33:49  INFO        ✅ UP  →  https://www.google.com/
2026-03-12 01:33:49  WARNING     ⏳ BACKOFF  →  http://www.example.com/nonexistentpage  |  Waiting 4s due to 2 consecutive errors
2026-03-12 01:33:53  INFO        Checking URL      →  http://www.example.com/nonexistentpage  (attempt 1/3)
2026-03-12 01:33:53  INFO        Status Code       →  404 Not Found  |  Response time: 22.2 ms
2026-03-12 01:33:53  WARNING     ⚠️  ALERT: 4xx error for http://www.example.com/nonexistentpage
2026-03-12 01:33:53  INFO      ─── Cycle #3 complete. Next check in 10s ───

2026-03-12 01:34:03  INFO      ─── Cycle #4 started ───
2026-03-12 01:34:03  WARNING     ⏳ BACKOFF  →  http://httpstat.us/404  |  Waiting 8s due to 3 consecutive errors
2026-03-12 01:34:11  INFO        Checking URL      →  http://httpstat.us/404  (attempt 1/3)
2026-03-12 01:34:12  ERROR       Connection error  →  http://httpstat.us/404
2026-03-12 01:34:12  WARNING     Retrying in 2s …
2026-03-12 01:34:14  INFO        Checking URL      →  http://httpstat.us/404  (attempt 2/3)
2026-03-12 01:34:14  ERROR       Connection error  →  http://httpstat.us/404
2026-03-12 01:34:14  WARNING     Retrying in 4s …
2026-03-12 01:34:18  INFO        Checking URL      →  http://httpstat.us/404  (attempt 3/3)
2026-03-12 01:34:18  ERROR       Connection error  →  http://httpstat.us/404
2026-03-12 01:34:18  ERROR       🔴 UNREACHABLE  →  http://httpstat.us/404  |  Failed after 3 attempts
2026-03-12 01:34:18  WARNING     ⏳ BACKOFF  →  http://httpstat.us/500  |  Waiting 8s due to 3 consecutive errors
2026-03-12 01:34:26  INFO        Checking URL      →  http://httpstat.us/500  (attempt 1/3)
2026-03-12 01:34:26  ERROR       Connection error  →  http://httpstat.us/500
2026-03-12 01:34:26  WARNING     Retrying in 2s …
2026-03-12 01:34:28  INFO        Checking URL      →  http://httpstat.us/500  (attempt 2/3)
2026-03-12 01:34:28  ERROR       Connection error  →  http://httpstat.us/500
2026-03-12 01:34:28  WARNING     Retrying in 4s …
2026-03-12 01:34:30  INFO      Monitor stopped by user (KeyboardInterrupt).
2026-03-13 00:38:16  INFO      =================================================================
2026-03-13 00:38:16  INFO        Uptime Monitor started
2026-03-13 00:38:16  INFO        Monitoring 4 URL(s) every 10 second(s)
2026-03-13 00:38:16  INFO        Log file  →  uptime_monitor.log
2026-03-13 00:38:16  INFO      =================================================================
2026-03-13 00:38:16  INFO      ─── Cycle #1 started ───
2026-03-13 00:38:16  INFO        Checking URL      →  http://httpstat.us/404  (attempt 1/3)
2026-03-13 00:38:16  ERROR       Connection error  →  http://httpstat.us/404
2026-03-13 00:38:16  WARNING     Retrying in 2s …
2026-03-13 00:38:18  INFO        Checking URL      →  http://httpstat.us/404  (attempt 2/3)
2026-03-13 00:38:18  ERROR       Connection error  →  http://httpstat.us/404
2026-03-13 00:38:18  WARNING     Retrying in 4s …
2026-03-13 00:38:22  INFO        Checking URL      →  http://httpstat.us/404  (attempt 3/3)
2026-03-13 00:38:23  ERROR       Connection error  →  http://httpstat.us/404
2026-03-13 00:38:23  ERROR       🔴 UNREACHABLE  →  http://httpstat.us/404  |  Failed after 3 attempts
2026-03-13 00:38:23  INFO        Checking URL      →  http://httpstat.us/500  (attempt 1/3)
2026-03-13 00:38:23  ERROR       Connection error  →  http://httpstat.us/500
2026-03-13 00:38:23  WARNING     Retrying in 2s …
2026-03-13 00:38:25  INFO        Checking URL      →  http://httpstat.us/500  (attempt 2/3)
2026-03-13 00:38:25  ERROR       Connection error  →  http://httpstat.us/500
2026-03-13 00:38:25  WARNING     Retrying in 4s …
2026-03-13 00:38:29  INFO        Checking URL      →  http://httpstat.us/500  (attempt 3/3)
2026-03-13 00:38:29  ERROR       Connection error  →  http://httpstat.us/500
2026-03-13 00:38:29  ERROR       🔴 UNREACHABLE  →  http://httpstat.us/500  |  Failed after 3 attempts
2026-03-13 00:38:29  INFO        Checking URL      →  https://www.google.com/  (attempt 1/3)
2026-03-13 00:38:29  INFO        Status Code       →  200 OK  |  Response time: 306.2 ms
2026-03-13 00:38:29  INFO        ✅ UP  →  https://www.google.com/
2026-03-13 00:38:29  INFO        Checking URL      →  http://www.example.com/nonexistentpage  (attempt 1/3)
2026-03-13 00:38:29  INFO        Status Code       →  404 Not Found  |  Response time: 27.1 ms
2026-03-13 00:38:29  WARNING     ⚠️  ALERT: 4xx error for http://www.example.com/nonexistentpage
2026-03-13 00:38:29  INFO      ─── Cycle #1 complete. Next check in 10s ───

2026-03-13 00:38:39  INFO      ─── Cycle #2 started ───
2026-03-13 00:38:39  INFO        Checking URL      →  http://httpstat.us/404  (attempt 1/3)
2026-03-13 00:38:39  ERROR       Connection error  →  http://httpstat.us/404
2026-03-13 00:38:39  WARNING     Retrying in 2s …
2026-03-13 00:38:41  INFO        Checking URL      →  http://httpstat.us/404  (attempt 2/3)
2026-03-13 00:38:41  ERROR       Connection error  →  http://httpstat.us/404
2026-03-13 00:38:41  WARNING     Retrying in 4s …
2026-03-13 00:38:45  INFO        Checking URL      →  http://httpstat.us/404  (attempt 3/3)
2026-03-13 00:38:45  ERROR       Connection error  →  http://httpstat.us/404
2026-03-13 00:38:45  ERROR       🔴 UNREACHABLE  →  http://httpstat.us/404  |  Failed after 3 attempts
2026-03-13 00:38:45  INFO        Checking URL      →  http://httpstat.us/500  (attempt 1/3)
2026-03-13 00:38:45  ERROR       Connection error  →  http://httpstat.us/500
2026-03-13 00:38:45  WARNING     Retrying in 2s …
2026-03-13 00:38:47  INFO        Checking URL      →  http://httpstat.us/500  (attempt 2/3)
2026-03-13 00:38:47  ERROR       Connection error  →  http://httpstat.us/500
2026-03-13 00:38:47  WARNING     Retrying in 4s …
2026-03-13 00:38:51  INFO        Checking URL      →  http://httpstat.us/500  (attempt 3/3)
2026-03-13 00:38:52  ERROR       Connection error  →  http://httpstat.us/500
2026-03-13 00:38:52  ERROR       🔴 UNREACHABLE  →  http://httpstat.us/500  |  Failed after 3 attempts
2026-03-13 00:38:52  INFO        Checking URL      →  https://www.google.com/  (attempt 1/3)
2026-03-13 00:38:52  INFO        Status Code       →  200 OK  |  Response time: 296.0 ms
2026-03-13 00:38:52  INFO        ✅ UP  →  https://www.google.com/
2026-03-13 00:38:52  INFO        Checking URL      →  http://www.example.com/nonexistentpage  (attempt 1/3)
2026-03-13 00:38:52  INFO        Status Code       →  404 Not Found  |  Response time: 19.0 ms
2026-03-13 00:38:52  WARNING     ⚠️  ALERT: 4xx error for http://www.example.com/nonexistentpage
2026-03-13 00:38:52  INFO      ─── Cycle #2 complete. Next check in 10s ───

2026-03-13 00:39:00  INFO      Monitor stopped by user (KeyboardInterrupt).
